cardtest1.c:
File 'cardtest1.c'
No executable lines
No branches
No calls
Removing 'cardtest1.c.gcov'

File 'dominion.c'
No executable lines
No branches
No calls
Removing 'dominion.c.gcov'

cardtest2.c:
File 'cardtest2.c'
No executable lines
No branches
No calls
Removing 'cardtest2.c.gcov'

File 'dominion.c'
No executable lines
No branches
No calls
Removing 'dominion.c.gcov'

cardtest3.c:
File 'cardtest3.c'
No executable lines
No branches
No calls
Removing 'cardtest3.c.gcov'

File 'dominion.c'
No executable lines
No branches
No calls
Removing 'dominion.c.gcov'

cardtest4.c:
File 'cardtest4.c'
No executable lines
No branches
No calls
Removing 'cardtest4.c.gcov'

File 'dominion.c'
No executable lines
No branches
No calls
Removing 'dominion.c.gcov'

randomtestadventurer.c:
File 'randomtestadventurer.c'
No executable lines
No branches
No calls
Removing 'randomtestadventurer.c.gcov'

File 'dominion.c'
No executable lines
No branches
No calls
Removing 'dominion.c.gcov'

randomtestcard1.c:
File 'randomtestcard1.c'
No executable lines
No branches
No calls
Removing 'randomtestcard1.c.gcov'

File 'dominion.c'
No executable lines
No branches
No calls
Removing 'dominion.c.gcov'

randomtestcard2.c:
File 'randomtestcard2.c'
No executable lines
No branches
No calls
Removing 'randomtestcard2.c.gcov'

File 'dominion.c'
No executable lines
No branches
No calls
Removing 'dominion.c.gcov'

